2021/08/17 10:47:43.622  ================================================
@@ runtime error: invalid memory address or nil pointer dereference
F:/go/src/grpc_gateway/easygo/exception.go:65
F:/go/src/grpc_gateway/easygo/exception.go:80
F:/go/src/grpc_gateway/easygo/goroutine.go:67
F:/go/src/grpc_gateway/easygo/manager_server_info.go:23
F:/go/src/grpc_gateway/easygo/manager_etcd.go:202
F:/go/src/grpc_gateway/easygo/goroutine.go:84
2021/08/17 12:27:44.238  ================================================
@@ runtime error: invalid memory address or nil pointer dereference
F:/go/src/grpc_gateway/easygo/exception.go:65
F:/go/src/grpc_gateway/easygo/exception.go:80
F:/go/src/grpc_gateway/easygo/goroutine.go:67
F:/go/src/grpc_gateway/easygo/manager_server_info.go:51
F:/go/src/grpc_gateway/gateway/service.go:51
F:/go/src/grpc_gateway/easygo/goroutine.go:84
2021/08/17 12:41:17.565  ================================================
@@ runtime error: invalid memory address or nil pointer dereference
F:/go/src/grpc_gateway/easygo/exception.go:65
F:/go/src/grpc_gateway/easygo/exception.go:80
F:/go/src/grpc_gateway/easygo/goroutine.go:67
F:/go/src/grpc_gateway/gateway/service.go:48
F:/go/src/grpc_gateway/easygo/goroutine.go:84
2021/08/17 12:43:11.644  ================================================
@@ runtime error: invalid memory address or nil pointer dereference
F:/go/src/grpc_gateway/easygo/exception.go:65
F:/go/src/grpc_gateway/easygo/exception.go:80
F:/go/src/grpc_gateway/easygo/goroutine.go:67
F:/go/src/grpc_gateway/easygo/manager_server_info.go:56
F:/go/src/grpc_gateway/gateway/service.go:47
F:/go/src/grpc_gateway/easygo/goroutine.go:84
2021/08/17 12:43:37.638  ================================================
@@ runtime error: invalid memory address or nil pointer dereference
F:/go/src/grpc_gateway/easygo/exception.go:65
F:/go/src/grpc_gateway/easygo/exception.go:80
F:/go/src/grpc_gateway/easygo/goroutine.go:67
F:/go/src/grpc_gateway/easygo/manager_server_info.go:56
F:/go/src/grpc_gateway/gateway/service.go:47
F:/go/src/grpc_gateway/easygo/goroutine.go:84
2021/08/17 13:34:10.213  ================================================
@@ runtime error: invalid memory address or nil pointer dereference
F:/go/src/grpc_gateway/easygo/exception.go:65
F:/go/src/grpc_gateway/easygo/exception.go:80
F:/go/src/grpc_gateway/easygo/goroutine.go:67
F:/go/src/grpc_gateway/easygo/manager_server_info.go:56
F:/go/src/grpc_gateway/gateway/service.go:47
F:/go/src/grpc_gateway/easygo/goroutine.go:84
