2021/09/14 10:10:14.394  ================================================
@@ http: multiple registrations for /
F:/go/src/grpc_gateway/easygo/exception.go:65
F:/go/src/grpc_gateway/easygo/exception.go:80
F:/go/src/grpc_gateway/easygo/goroutine.go:67
F:/go/src/grpc_gateway/gateway/entry.go:109
F:/go/src/grpc_gateway/easygo/goroutine.go:84
2021/09/14 10:11:38.788  ================================================
@@ http: multiple registrations for /
F:/go/src/grpc_gateway/easygo/exception.go:65
F:/go/src/grpc_gateway/easygo/exception.go:80
F:/go/src/grpc_gateway/easygo/goroutine.go:67
F:/go/src/grpc_gateway/gateway/entry.go:109
F:/go/src/grpc_gateway/easygo/goroutine.go:84
2021/09/14 10:29:58.865  ================================================
@@ http: multiple registrations for /
F:/go/src/grpc_gateway/easygo/exception.go:65
F:/go/src/grpc_gateway/easygo/exception.go:80
F:/go/src/grpc_gateway/easygo/goroutine.go:67
F:/go/src/grpc_gateway/gateway/entry.go:109
F:/go/src/grpc_gateway/easygo/goroutine.go:84
